<?xml version="1.0" encoding="UTF-8"?>
<testng-results ignored="0" total="2" passed="2" failed="0" skipped="0">
  <reporter-output>
  </reporter-output>
  <suite started-at="2023-05-29T12:44:45 IST" name="BoomID Hub" finished-at="2023-05-29T12:46:11 IST" duration-ms="85085">
    <groups>
    </groups>
    <test started-at="2023-05-29T12:44:45 IST" name="Test" finished-at="2023-05-29T12:46:11 IST" duration-ms="85085">
      <class name="com.BoomIDHub.TestCases.QuizFlowNavigation">
        <test-method signature="loginTeest()[pri:0, instance:com.BoomIDHub.TestCases.QuizFlowNavigation@78b1cc93]" started-at="2023-05-29T12:44:46 IST" name="loginTeest" finished-at="2023-05-29T12:45:40 IST" duration-ms="54536" status="PASS">
          <reporter-output>
          </reporter-output>
        </test-method> <!-- loginTeest -->
      </class> <!-- com.BoomIDHub.TestCases.QuizFlowNavigation -->
      <class name="com.BoomIDHub.TestCases.LogInTest">
        <test-method signature="loginTest()[pri:0, instance:com.BoomIDHub.TestCases.LogInTest@6646153]" started-at="2023-05-29T12:45:40 IST" name="loginTest" finished-at="2023-05-29T12:46:11 IST" duration-ms="30488" status="PASS">
          <reporter-output>
          </reporter-output>
        </test-method> <!-- loginTest -->
      </class> <!-- com.BoomIDHub.TestCases.LogInTest -->
    </test> <!-- Test -->
  </suite> <!-- BoomID Hub -->
</testng-results>
