<?xml version="1.0" encoding="UTF-8"?>
<!-- Generated by org.testng.reporters.JUnitXMLReporter -->
<testsuite ignored="0" hostname="DESKTOP-SBRC601" failures="5" tests="5" name="Test1" time="36.662" errors="0" timestamp="2022-08-14T16:24:05 IST">
  <testcase classname="com.BoomIDHub.TestCases.TC_LoginTest_001" name="loginTest" time="10.767">
    <failure type="java.lang.AssertionError" message="expected [true] but found [false]">
      <![CDATA[java.lang.AssertionError: expected [true] but found [false]
at com.BoomIDHub.TestCases.TC_LoginTest_001.loginTest(TC_LoginTest_001.java:41)
at java.base/java.util.ArrayList.forEach(ArrayList.java:1511)
... Removed 29 stack frames]]>
    </failure>
  </testcase> <!-- loginTest -->
  <testcase classname="com.BoomIDHub.TestCases.TC_LoginDDT_002" name="loginTest" time="6.642">
    <failure type="java.lang.AssertionError" message="expected [true] but found [false]">
      <![CDATA[java.lang.AssertionError: expected [true] but found [false]
at com.BoomIDHub.TestCases.TC_LoginDDT_002.loginTest(TC_LoginDDT_002.java:41)
at java.base/java.util.ArrayList.forEach(ArrayList.java:1511)
... Removed 29 stack frames]]>
    </failure>
  </testcase> <!-- loginTest -->
  <testcase classname="com.BoomIDHub.TestCases.TC_LoginDDT_002" name="loginTest" time="4.498">
    <failure type="java.lang.AssertionError" message="expected [true] but found [false]">
      <![CDATA[java.lang.AssertionError: expected [true] but found [false]
at com.BoomIDHub.TestCases.TC_LoginDDT_002.loginTest(TC_LoginDDT_002.java:41)
at java.base/java.util.ArrayList.forEach(ArrayList.java:1511)
... Removed 29 stack frames]]>
    </failure>
  </testcase> <!-- loginTest -->
  <testcase classname="com.BoomIDHub.TestCases.TC_LoginDDT_002" name="loginTest" time="4.035">
    <failure type="java.lang.AssertionError" message="expected [true] but found [false]">
      <![CDATA[java.lang.AssertionError: expected [true] but found [false]
at com.BoomIDHub.TestCases.TC_LoginDDT_002.loginTest(TC_LoginDDT_002.java:41)
at java.base/java.util.ArrayList.forEach(ArrayList.java:1511)
... Removed 29 stack frames]]>
    </failure>
  </testcase> <!-- loginTest -->
  <testcase classname="com.BoomIDHub.TestCases.TC_LoginDDT_002" name="loginTest" time="3.892">
    <failure type="java.lang.AssertionError" message="expected [true] but found [false]">
      <![CDATA[java.lang.AssertionError: expected [true] but found [false]
at com.BoomIDHub.TestCases.TC_LoginDDT_002.loginTest(TC_LoginDDT_002.java:41)
at java.base/java.util.ArrayList.forEach(ArrayList.java:1511)
... Removed 29 stack frames]]>
    </failure>
  </testcase> <!-- loginTest -->
</testsuite> <!-- Test1 -->
